<?xml version="1.0" encoding="UTF-8"?>
<testng-results skipped="0" failed="0" total="1" passed="1">
  <reporter-output>
  </reporter-output>
  <suite name="Default suite" duration-ms="40143" started-at="2021-08-23T23:28:39Z" finished-at="2021-08-23T23:29:20Z">
    <groups>
      <group name="cucumber">
        <method signature="AbstractTestNGCucumberTests.feature(cucumber.api.testng.CucumberFeatureWrapper)[pri:0, instance:com.vimalselvam.cucumber.runner.TestNGCukesRunner@14bf9759]" name="feature" class="cucumber.api.testng.AbstractTestNGCucumberTests"/>
      </group> <!-- cucumber -->
    </groups>
    <test name="Default test" duration-ms="40143" started-at="2021-08-23T23:28:39Z" finished-at="2021-08-23T23:29:20Z">
      <class name="com.vimalselvam.cucumber.runner.TestNGCukesRunner">
        <test-method status="PASS" signature="setUpClass()[pri:0, instance:com.vimalselvam.cucumber.runner.TestNGCukesRunner@14bf9759]" name="setUpClass" is-config="true" duration-ms="1860" started-at="2021-08-23T16:28:39Z" finished-at="2021-08-23T16:28:41Z">
          <reporter-output>
          </reporter-output>
        </test-method> <!-- setUpClass -->
        <test-method status="PASS" signature="feature(cucumber.api.testng.CucumberFeatureWrapper)[pri:0, instance:com.vimalselvam.cucumber.runner.TestNGCukesRunner@14bf9759]" name="feature" duration-ms="37711" started-at="2021-08-23T16:28:42Z" description="Runs Cucumber Feature" data-provider="features" finished-at="2021-08-23T16:29:19Z">
          <params>
            <param index="0">
              <value>
                <![CDATA[swiggysignin]]>
              </value>
            </param>
          </params>
          <reporter-output>
          </reporter-output>
        </test-method> <!-- feature -->
        <test-method status="PASS" signature="tearDownClass()[pri:0, instance:com.vimalselvam.cucumber.runner.TestNGCukesRunner@14bf9759]" name="tearDownClass" is-config="true" duration-ms="82" started-at="2021-08-23T16:29:19Z" finished-at="2021-08-23T16:29:20Z">
          <reporter-output>
          </reporter-output>
        </test-method> <!-- tearDownClass -->
      </class> <!-- com.vimalselvam.cucumber.runner.TestNGCukesRunner -->
    </test> <!-- Default test -->
  </suite> <!-- Default suite -->
</testng-results>
